<?xml version="1.0" encoding="UTF-8"?>
<testng-results skipped="0" failed="0" ignored="0" total="1" passed="1">
  <reporter-output>
  </reporter-output>
  <suite name="Default suite" duration-ms="26108" started-at="2020-01-22T04:50:39Z" finished-at="2020-01-22T04:51:05Z">
    <groups>
      <group name="cucumber">
        <method signature="AbstractTestNGCucumberTests.feature(cucumber.api.testng.CucumberFeatureWrapper)[pri:0, instance:executor.UserRunner@31610302]" name="feature" class="cucumber.api.testng.AbstractTestNGCucumberTests"/>
      </group> <!-- cucumber -->
    </groups>
    <test name="Default test" duration-ms="26108" started-at="2020-01-22T04:50:39Z" finished-at="2020-01-22T04:51:05Z">
      <class name="executor.UserRunner">
        <test-method status="PASS" signature="setUpClass()[pri:0, instance:executor.UserRunner@31610302]" name="setUpClass" is-config="true" duration-ms="207" started-at="2020-01-21T22:50:39Z" finished-at="2020-01-21T22:50:39Z">
          <reporter-output>
          </reporter-output>
        </test-method> <!-- setUpClass -->
        <test-method status="PASS" signature="feature(cucumber.api.testng.CucumberFeatureWrapper)[pri:0, instance:executor.UserRunner@31610302]" name="feature" duration-ms="25330" started-at="2020-01-21T22:50:39Z" description="Runs Cucumber Feature" data-provider="features" finished-at="2020-01-21T22:51:04Z">
          <params>
            <param index="0">
              <value>
                <![CDATA[Test Google search]]>
              </value>
            </param>
          </params>
          <reporter-output>
          </reporter-output>
        </test-method> <!-- feature -->
        <test-method status="PASS" signature="writeExtentReport()[pri:0, instance:executor.UserRunner@31610302]" name="writeExtentReport" is-config="true" duration-ms="16" started-at="2020-01-21T22:51:04Z" finished-at="2020-01-21T22:51:04Z">
          <reporter-output>
          </reporter-output>
        </test-method> <!-- writeExtentReport -->
        <test-method status="PASS" signature="tearDownClass()[pri:0, instance:executor.UserRunner@31610302]" name="tearDownClass" is-config="true" duration-ms="467" started-at="2020-01-21T22:51:04Z" finished-at="2020-01-21T22:51:05Z">
          <reporter-output>
          </reporter-output>
        </test-method> <!-- tearDownClass -->
      </class> <!-- executor.UserRunner -->
    </test> <!-- Default test -->
  </suite> <!-- Default suite -->
</testng-results>
